<?xml version="1.0" encoding="UTF-8"?>
<!-- Generated by org.testng.reporters.JUnitReportReporter -->
<testsuite skipped="0" hostname="sun-PC" name="walletHubTestTasks.TestTasks" tests="2" failures="0" timestamp="17 May 2020 11:48:11 GMT" time="274.740" errors="0">
  <testcase name="Scenario1" time="124.224" classname="walletHubTestTasks.TestTasks"/>
  <testcase name="Scenario2" time="150.516" classname="walletHubTestTasks.TestTasks"/>
</testsuite> <!-- walletHubTestTasks.TestTasks -->
